[057月2024 23:34:01.912] [main/DEBUG] [io.netty.util.internal.logging.InternalLoggerFactory/]: Using SLF4J as the default logging framework
[057月2024 23:34:01.944] [main/DEBUG] [io.netty.util.internal.InternalThreadLocalMap/]: -Dio.netty.threadLocalMap.stringBuilder.initialSize: 1024
[057月2024 23:34:01.944] [main/DEBUG] [io.netty.util.internal.InternalThreadLocalMap/]: -Dio.netty.threadLocalMap.stringBuilder.maxSize: 4096
[057月2024 23:34:01.992] [main/DEBUG] [io.netty.util.ResourceLeakDetector/]: -Dio.netty.leakDetection.level: simple
[057月2024 23:34:01.992] [main/DEBUG] [io.netty.util.ResourceLeakDetector/]: -Dio.netty.leakDetection.targetRecords: 4
[057月2024 23:34:02.029] [main/DEBUG] [io.netty.util.internal.PlatformDependent0/]: -Dio.netty.noUnsafe: false
[057月2024 23:34:02.029] [main/DEBUG] [io.netty.util.internal.PlatformDependent0/]: Java version: 21
[057月2024 23:34:02.029] [main/DEBUG] [io.netty.util.internal.PlatformDependent0/]: sun.misc.Unsafe.theUnsafe: available
[057月2024 23:34:02.029] [main/DEBUG] [io.netty.util.internal.PlatformDependent0/]: sun.misc.Unsafe.copyMemory: available
[057月2024 23:34:02.029] [main/DEBUG] [io.netty.util.internal.PlatformDependent0/]: sun.misc.Unsafe.storeFence: available
[057月2024 23:34:02.029] [main/DEBUG] [io.netty.util.internal.PlatformDependent0/]: java.nio.Buffer.address: available
[057月2024 23:34:02.040] [main/DEBUG] [io.netty.util.internal.PlatformDependent0/]: java.nio.Bits.unaligned: available, true
[057月2024 23:34:02.040] [main/DEBUG] [io.netty.util.internal.PlatformDependent0/]: java.nio.DirectByteBuffer.<init>(long, {int,long}): unavailable
[057月2024 23:34:02.040] [main/DEBUG] [io.netty.util.internal.PlatformDependent/]: sun.misc.Unsafe: available
[057月2024 23:34:02.040] [main/DEBUG] [io.netty.util.internal.PlatformDependent/]: maxDirectMemory: 4223664128 bytes (maybe)
[057月2024 23:34:02.040] [main/DEBUG] [io.netty.util.internal.PlatformDependent/]: -Dio.netty.tmpdir: C:\Users\f2561\AppData\Local\Temp (java.io.tmpdir)
[057月2024 23:34:02.040] [main/DEBUG] [io.netty.util.internal.PlatformDependent/]: -Dio.netty.bitMode: 64 (sun.arch.data.model)
[057月2024 23:34:02.040] [main/DEBUG] [io.netty.util.internal.PlatformDependent/]: Platform: Windows
[057月2024 23:34:02.040] [main/DEBUG] [io.netty.util.internal.PlatformDependent/]: -Dio.netty.maxDirectMemory: -1 bytes
[057月2024 23:34:02.040] [main/DEBUG] [io.netty.util.internal.PlatformDependent/]: -Dio.netty.uninitializedArrayAllocationThreshold: -1
[057月2024 23:34:02.040] [main/DEBUG] [io.netty.util.internal.CleanerJava9/]: java.nio.ByteBuffer.cleaner(): available
[057月2024 23:34:02.040] [main/DEBUG] [io.netty.util.internal.PlatformDependent/]: -Dio.netty.noPreferDirect: false
[057月2024 23:34:02.056] [main/DEBUG] [io.netty.buffer.PooledByteBufAllocator/]: -Dio.netty.allocator.numHeapArenas: 32
[057月2024 23:34:02.056] [main/DEBUG] [io.netty.buffer.PooledByteBufAllocator/]: -Dio.netty.allocator.numDirectArenas: 32
[057月2024 23:34:02.056] [main/DEBUG] [io.netty.buffer.PooledByteBufAllocator/]: -Dio.netty.allocator.pageSize: 8192
[057月2024 23:34:02.056] [main/DEBUG] [io.netty.buffer.PooledByteBufAllocator/]: -Dio.netty.allocator.maxOrder: 9
[057月2024 23:34:02.056] [main/DEBUG] [io.netty.buffer.PooledByteBufAllocator/]: -Dio.netty.allocator.chunkSize: 4194304
[057月2024 23:34:02.056] [main/DEBUG] [io.netty.buffer.PooledByteBufAllocator/]: -Dio.netty.allocator.smallCacheSize: 256
[057月2024 23:34:02.056] [main/DEBUG] [io.netty.buffer.PooledByteBufAllocator/]: -Dio.netty.allocator.normalCacheSize: 64
[057月2024 23:34:02.056] [main/DEBUG] [io.netty.buffer.PooledByteBufAllocator/]: -Dio.netty.allocator.maxCachedBufferCapacity: 32768
[057月2024 23:34:02.056] [main/DEBUG] [io.netty.buffer.PooledByteBufAllocator/]: -Dio.netty.allocator.cacheTrimInterval: 8192
[057月2024 23:34:02.056] [main/DEBUG] [io.netty.buffer.PooledByteBufAllocator/]: -Dio.netty.allocator.cacheTrimIntervalMillis: 0
[057月2024 23:34:02.056] [main/DEBUG] [io.netty.buffer.PooledByteBufAllocator/]: -Dio.netty.allocator.useCacheForAllThreads: false
[057月2024 23:34:02.056] [main/DEBUG] [io.netty.buffer.PooledByteBufAllocator/]: -Dio.netty.allocator.maxCachedByteBuffersPerChunk: 1023
[057月2024 23:34:02.087] [main/DEBUG] [io.netty.buffer.ByteBufUtil/]: -Dio.netty.allocator.type: pooled
[057月2024 23:34:02.087] [main/DEBUG] [io.netty.buffer.ByteBufUtil/]: -Dio.netty.threadLocalDirectBufferSize: 0
[057月2024 23:34:02.087] [main/DEBUG] [io.netty.buffer.ByteBufUtil/]: -Dio.netty.maxThreadLocalCharBufferSize: 16384
[057月2024 23:34:02.087] [main/DEBUG] [io.netty.handler.logging.LoggingHandler/]: [id: 0xembedded, L:embedded - R:embedded] REGISTERED
[057月2024 23:34:02.087] [main/DEBUG] [io.netty.handler.logging.LoggingHandler/]: [id: 0xembedded, L:embedded - R:embedded] ACTIVE
[057月2024 23:34:02.103] [main/DEBUG] [io.netty.buffer.AbstractByteBuf/]: -Dio.netty.buffer.checkAccessible: true
[057月2024 23:34:02.103] [main/DEBUG] [io.netty.buffer.AbstractByteBuf/]: -Dio.netty.buffer.checkBounds: true
[057月2024 23:34:02.103] [main/DEBUG] [io.netty.util.ResourceLeakDetectorFactory/]: Loaded default ResourceLeakDetector: io.netty.util.ResourceLeakDetector@335b5620
[057月2024 23:34:02.119] [main/DEBUG] [io.netty.util.Recycler/]: -Dio.netty.recycler.maxCapacityPerThread: 4096
[057月2024 23:34:02.119] [main/DEBUG] [io.netty.util.Recycler/]: -Dio.netty.recycler.ratio: 8
[057月2024 23:34:02.119] [main/DEBUG] [io.netty.util.Recycler/]: -Dio.netty.recycler.chunkSize: 32
[057月2024 23:34:02.119] [main/DEBUG] [io.netty.util.Recycler/]: -Dio.netty.recycler.blocking: false
[057月2024 23:34:02.119] [main/DEBUG] [io.netty.util.Recycler/]: -Dio.netty.recycler.batchFastThreadLocalOnly: true
[057月2024 23:34:02.135] [main/DEBUG] [io.netty.util.internal.PlatformDependent/]: org.jctools-core.MpscChunkedArrayQueue: available
[057月2024 23:34:02.171] [main/DEBUG] [io.netty.handler.logging.LoggingHandler/]: [id: 0xembedded, L:embedded - R:embedded] READ: 5B
         +-------------------------------------------------+
         |  0  1  2  3  4  5  6  7  8  9  a  b  c  d  e  f |
+--------+-------------------------------------------------+----------------+
|00000000| 48 65 6c 6c 6f                                  |Hello           |
+--------+-------------------------------------------------+----------------+
[057月2024 23:34:02.171] [main/DEBUG] [io.netty.handler.logging.LoggingHandler/]: [id: 0xembedded, L:embedded - R:embedded] READ: 5B
         +-------------------------------------------------+
         |  0  1  2  3  4  5  6  7  8  9  a  b  c  d  e  f |
+--------+-------------------------------------------------+----------------+
|00000000| 57 6f 72 6c 64                                  |World           |
+--------+-------------------------------------------------+----------------+
[057月2024 23:34:02.171] [main/DEBUG] [io.netty.handler.logging.LoggingHandler/]: [id: 0xembedded, L:embedded - R:embedded] READ COMPLETE
