[267月2024 17:16:59.007] [Thread-0/INFO] [com.r3944realms.whimsy.api.websocket.WebSocketServer/]: WebSocketServer start on the port of 9000
[267月2024 17:17:00.163] [nioEventLoopGroup-3-1/INFO] [com.r3944realms.whimsy.api.websocket.protocol.ServerMessageDataTextWebsocketHandler/]: 新的 webSocket 连接已建立, 标识符为05c92a9b-82ef-44f4-a339-29f7a1ff91c3
[267月2024 17:17:02.924] [nioEventLoopGroup-3-1/INFO] [com.r3944realms.whimsy.api.websocket.protocol.ServerMessageDataTextWebsocketHandler/]: 断开的client Id:05c92a9b-82ef-44f4-a339-29f7a1ff91c3
[267月2024 17:17:17.237] [nioEventLoopGroup-3-2/INFO] [com.r3944realms.whimsy.api.websocket.protocol.ServerMessageDataTextWebsocketHandler/]: 新的 webSocket 连接已建立, 标识符为cf3d053e-6767-4a0a-969d-e8b5aded1a75
[267月2024 17:17:17.238] [nioEventLoopGroup-3-3/INFO] [com.r3944realms.whimsy.api.websocket.protocol.ServerMessageDataTextWebsocketHandler/]: 新的 webSocket 连接已建立, 标识符为6e5448d7-b7ed-4ecc-844e-2d106907323c
[267月2024 17:17:17.256] [nioEventLoopGroup-3-2/INFO] [com.r3944realms.whimsy.api.websocket.protocol.ServerMessageDataTextWebsocketHandler/]: 断开的client Id:cf3d053e-6767-4a0a-969d-e8b5aded1a75
[267月2024 17:17:17.377] [nioEventLoopGroup-3-3/INFO] [com.r3944realms.whimsy.api.websocket.protocol.ServerMessageDataTextWebsocketHandler/]: 断开的client Id:6e5448d7-b7ed-4ecc-844e-2d106907323c
[267月2024 17:17:17.441] [nioEventLoopGroup-3-3/WARN] [com.r3944realms.whimsy.api.websocket.protocol.ServerMessageDataTextWebsocketHandler/]: Channel is not active, skipping bindMsg for clientId=6e5448d7-b7ed-4ecc-844e-2d106907323c
[267月2024 17:17:17.442] [nioEventLoopGroup-3-2/WARN] [com.r3944realms.whimsy.api.websocket.protocol.ServerMessageDataTextWebsocketHandler/]: Channel is not active, skipping bindMsg for clientId=cf3d053e-6767-4a0a-969d-e8b5aded1a75
[267月2024 17:17:26.456] [nioEventLoopGroup-3-4/INFO] [com.r3944realms.whimsy.api.websocket.protocol.ServerMessageDataTextWebsocketHandler/]: 新的 webSocket 连接已建立, 标识符为f2ff3d62-9c1b-413b-a703-b7c26ab6482c
[267月2024 17:17:26.456] [nioEventLoopGroup-3-5/INFO] [com.r3944realms.whimsy.api.websocket.protocol.ServerMessageDataTextWebsocketHandler/]: 新的 webSocket 连接已建立, 标识符为1c91f62f-d604-43e3-adeb-bae351b1f090
[267月2024 17:17:26.462] [nioEventLoopGroup-3-4/INFO] [com.r3944realms.whimsy.api.websocket.protocol.ServerMessageDataTextWebsocketHandler/]: 断开的client Id:f2ff3d62-9c1b-413b-a703-b7c26ab6482c
[267月2024 17:17:26.518] [nioEventLoopGroup-3-5/INFO] [com.r3944realms.whimsy.api.websocket.protocol.ServerMessageDataTextWebsocketHandler/]: 断开的client Id:1c91f62f-d604-43e3-adeb-bae351b1f090
[267月2024 17:17:26.657] [nioEventLoopGroup-3-4/WARN] [com.r3944realms.whimsy.api.websocket.protocol.ServerMessageDataTextWebsocketHandler/]: Channel is not active, skipping bindMsg for clientId=f2ff3d62-9c1b-413b-a703-b7c26ab6482c
[267月2024 17:17:26.658] [nioEventLoopGroup-3-5/WARN] [com.r3944realms.whimsy.api.websocket.protocol.ServerMessageDataTextWebsocketHandler/]: Channel is not active, skipping bindMsg for clientId=1c91f62f-d604-43e3-adeb-bae351b1f090
[267月2024 17:17:27.078] [nioEventLoopGroup-3-7/INFO] [com.r3944realms.whimsy.api.websocket.protocol.ServerMessageDataTextWebsocketHandler/]: 新的 webSocket 连接已建立, 标识符为b1a11070-ab0f-482c-8d42-a0cc45009adc
[267月2024 17:17:27.078] [nioEventLoopGroup-3-6/INFO] [com.r3944realms.whimsy.api.websocket.protocol.ServerMessageDataTextWebsocketHandler/]: 新的 webSocket 连接已建立, 标识符为209538d2-9ac6-4453-8334-10b0fc982ff3
[267月2024 17:17:27.083] [nioEventLoopGroup-3-6/INFO] [com.r3944realms.whimsy.api.websocket.protocol.ServerMessageDataTextWebsocketHandler/]: 断开的client Id:209538d2-9ac6-4453-8334-10b0fc982ff3
[267月2024 17:17:27.166] [nioEventLoopGroup-3-7/INFO] [com.r3944realms.whimsy.api.websocket.protocol.ServerMessageDataTextWebsocketHandler/]: 断开的client Id:b1a11070-ab0f-482c-8d42-a0cc45009adc
[267月2024 17:17:27.279] [nioEventLoopGroup-3-7/WARN] [com.r3944realms.whimsy.api.websocket.protocol.ServerMessageDataTextWebsocketHandler/]: Channel is not active, skipping bindMsg for clientId=b1a11070-ab0f-482c-8d42-a0cc45009adc
[267月2024 17:17:27.279] [nioEventLoopGroup-3-6/WARN] [com.r3944realms.whimsy.api.websocket.protocol.ServerMessageDataTextWebsocketHandler/]: Channel is not active, skipping bindMsg for clientId=209538d2-9ac6-4453-8334-10b0fc982ff3
[267月2024 17:17:27.301] [nioEventLoopGroup-3-8/INFO] [com.r3944realms.whimsy.api.websocket.protocol.ServerMessageDataTextWebsocketHandler/]: 新的 webSocket 连接已建立, 标识符为8535eb06-62bc-4edf-bbba-282a46404469
[267月2024 17:17:27.301] [nioEventLoopGroup-3-9/INFO] [com.r3944realms.whimsy.api.websocket.protocol.ServerMessageDataTextWebsocketHandler/]: 新的 webSocket 连接已建立, 标识符为4eb5fa82-dbb9-49c3-a261-793513aab9bf
[267月2024 17:17:27.305] [nioEventLoopGroup-3-8/INFO] [com.r3944realms.whimsy.api.websocket.protocol.ServerMessageDataTextWebsocketHandler/]: 断开的client Id:8535eb06-62bc-4edf-bbba-282a46404469
[267月2024 17:17:27.365] [nioEventLoopGroup-3-9/INFO] [com.r3944realms.whimsy.api.websocket.protocol.ServerMessageDataTextWebsocketHandler/]: 断开的client Id:4eb5fa82-dbb9-49c3-a261-793513aab9bf
[267月2024 17:17:27.503] [nioEventLoopGroup-3-8/WARN] [com.r3944realms.whimsy.api.websocket.protocol.ServerMessageDataTextWebsocketHandler/]: Channel is not active, skipping bindMsg for clientId=8535eb06-62bc-4edf-bbba-282a46404469
[267月2024 17:17:27.503] [nioEventLoopGroup-3-9/WARN] [com.r3944realms.whimsy.api.websocket.protocol.ServerMessageDataTextWebsocketHandler/]: Channel is not active, skipping bindMsg for clientId=4eb5fa82-dbb9-49c3-a261-793513aab9bf
[267月2024 17:17:27.519] [nioEventLoopGroup-3-11/INFO] [com.r3944realms.whimsy.api.websocket.protocol.ServerMessageDataTextWebsocketHandler/]: 新的 webSocket 连接已建立, 标识符为bc964f25-879a-49b4-8717-ec9b9e40b3ab
[267月2024 17:17:27.519] [nioEventLoopGroup-3-10/INFO] [com.r3944realms.whimsy.api.websocket.protocol.ServerMessageDataTextWebsocketHandler/]: 新的 webSocket 连接已建立, 标识符为d3936770-62e2-441d-b93e-3ac859cd6888
[267月2024 17:17:27.525] [nioEventLoopGroup-3-10/INFO] [com.r3944realms.whimsy.api.websocket.protocol.ServerMessageDataTextWebsocketHandler/]: 断开的client Id:d3936770-62e2-441d-b93e-3ac859cd6888
[267月2024 17:17:27.574] [nioEventLoopGroup-3-11/INFO] [com.r3944realms.whimsy.api.websocket.protocol.ServerMessageDataTextWebsocketHandler/]: 断开的client Id:bc964f25-879a-49b4-8717-ec9b9e40b3ab
[267月2024 17:17:27.720] [nioEventLoopGroup-3-10/WARN] [com.r3944realms.whimsy.api.websocket.protocol.ServerMessageDataTextWebsocketHandler/]: Channel is not active, skipping bindMsg for clientId=d3936770-62e2-441d-b93e-3ac859cd6888
[267月2024 17:17:27.721] [nioEventLoopGroup-3-11/WARN] [com.r3944realms.whimsy.api.websocket.protocol.ServerMessageDataTextWebsocketHandler/]: Channel is not active, skipping bindMsg for clientId=bc964f25-879a-49b4-8717-ec9b9e40b3ab
[267月2024 17:17:27.734] [nioEventLoopGroup-3-13/INFO] [com.r3944realms.whimsy.api.websocket.protocol.ServerMessageDataTextWebsocketHandler/]: 新的 webSocket 连接已建立, 标识符为9b652f23-fe15-4645-8772-900be2f2e460
[267月2024 17:17:27.734] [nioEventLoopGroup-3-12/INFO] [com.r3944realms.whimsy.api.websocket.protocol.ServerMessageDataTextWebsocketHandler/]: 新的 webSocket 连接已建立, 标识符为c4dec7fb-08dd-4630-9c6a-23b441ae0466
[267月2024 17:17:27.741] [nioEventLoopGroup-3-12/INFO] [com.r3944realms.whimsy.api.websocket.protocol.ServerMessageDataTextWebsocketHandler/]: 断开的client Id:c4dec7fb-08dd-4630-9c6a-23b441ae0466
[267月2024 17:17:27.794] [nioEventLoopGroup-3-13/INFO] [com.r3944realms.whimsy.api.websocket.protocol.ServerMessageDataTextWebsocketHandler/]: 断开的client Id:9b652f23-fe15-4645-8772-900be2f2e460
[267月2024 17:17:27.936] [nioEventLoopGroup-3-13/WARN] [com.r3944realms.whimsy.api.websocket.protocol.ServerMessageDataTextWebsocketHandler/]: Channel is not active, skipping bindMsg for clientId=9b652f23-fe15-4645-8772-900be2f2e460
[267月2024 17:17:27.937] [nioEventLoopGroup-3-12/WARN] [com.r3944realms.whimsy.api.websocket.protocol.ServerMessageDataTextWebsocketHandler/]: Channel is not active, skipping bindMsg for clientId=c4dec7fb-08dd-4630-9c6a-23b441ae0466
[267月2024 17:17:27.953] [nioEventLoopGroup-3-15/INFO] [com.r3944realms.whimsy.api.websocket.protocol.ServerMessageDataTextWebsocketHandler/]: 新的 webSocket 连接已建立, 标识符为d2a283db-f496-49a2-8b5b-3ad15bef9618
[267月2024 17:17:27.953] [nioEventLoopGroup-3-14/INFO] [com.r3944realms.whimsy.api.websocket.protocol.ServerMessageDataTextWebsocketHandler/]: 新的 webSocket 连接已建立, 标识符为39e83d0b-aaa0-4431-883c-35f0b8604743
[267月2024 17:17:27.958] [nioEventLoopGroup-3-14/INFO] [com.r3944realms.whimsy.api.websocket.protocol.ServerMessageDataTextWebsocketHandler/]: 断开的client Id:39e83d0b-aaa0-4431-883c-35f0b8604743
[267月2024 17:17:28.029] [nioEventLoopGroup-3-15/INFO] [com.r3944realms.whimsy.api.websocket.protocol.ServerMessageDataTextWebsocketHandler/]: 断开的client Id:d2a283db-f496-49a2-8b5b-3ad15bef9618
[267月2024 17:17:28.144] [nioEventLoopGroup-3-17/INFO] [com.r3944realms.whimsy.api.websocket.protocol.ServerMessageDataTextWebsocketHandler/]: 新的 webSocket 连接已建立, 标识符为c5f6afd5-605d-4976-9572-375a6b7830c6
[267月2024 17:17:28.144] [nioEventLoopGroup-3-16/INFO] [com.r3944realms.whimsy.api.websocket.protocol.ServerMessageDataTextWebsocketHandler/]: 新的 webSocket 连接已建立, 标识符为1cc75585-16a3-494f-9d20-ad483ccc7891
[267月2024 17:17:28.155] [nioEventLoopGroup-3-15/WARN] [com.r3944realms.whimsy.api.websocket.protocol.ServerMessageDataTextWebsocketHandler/]: Channel is not active, skipping bindMsg for clientId=d2a283db-f496-49a2-8b5b-3ad15bef9618
[267月2024 17:17:28.156] [nioEventLoopGroup-3-14/WARN] [com.r3944realms.whimsy.api.websocket.protocol.ServerMessageDataTextWebsocketHandler/]: Channel is not active, skipping bindMsg for clientId=39e83d0b-aaa0-4431-883c-35f0b8604743
[267月2024 17:17:28.157] [nioEventLoopGroup-3-16/INFO] [com.r3944realms.whimsy.api.websocket.protocol.ServerMessageDataTextWebsocketHandler/]: 断开的client Id:1cc75585-16a3-494f-9d20-ad483ccc7891
[267月2024 17:17:28.222] [nioEventLoopGroup-3-17/INFO] [com.r3944realms.whimsy.api.websocket.protocol.ServerMessageDataTextWebsocketHandler/]: 断开的client Id:c5f6afd5-605d-4976-9572-375a6b7830c6
[267月2024 17:17:28.345] [nioEventLoopGroup-3-16/WARN] [com.r3944realms.whimsy.api.websocket.protocol.ServerMessageDataTextWebsocketHandler/]: Channel is not active, skipping bindMsg for clientId=1cc75585-16a3-494f-9d20-ad483ccc7891
[267月2024 17:17:28.345] [nioEventLoopGroup-3-17/WARN] [com.r3944realms.whimsy.api.websocket.protocol.ServerMessageDataTextWebsocketHandler/]: Channel is not active, skipping bindMsg for clientId=c5f6afd5-605d-4976-9572-375a6b7830c6
[267月2024 17:17:28.367] [nioEventLoopGroup-3-19/INFO] [com.r3944realms.whimsy.api.websocket.protocol.ServerMessageDataTextWebsocketHandler/]: 新的 webSocket 连接已建立, 标识符为ea35f34e-fa1e-4dd0-8494-bf2855b4f6fa
[267月2024 17:17:28.367] [nioEventLoopGroup-3-18/INFO] [com.r3944realms.whimsy.api.websocket.protocol.ServerMessageDataTextWebsocketHandler/]: 新的 webSocket 连接已建立, 标识符为a71e3804-150f-4795-b086-13fda44e1910
[267月2024 17:17:28.371] [nioEventLoopGroup-3-18/INFO] [com.r3944realms.whimsy.api.websocket.protocol.ServerMessageDataTextWebsocketHandler/]: 断开的client Id:a71e3804-150f-4795-b086-13fda44e1910
[267月2024 17:17:28.481] [nioEventLoopGroup-3-19/INFO] [com.r3944realms.whimsy.api.websocket.protocol.ServerMessageDataTextWebsocketHandler/]: 断开的client Id:ea35f34e-fa1e-4dd0-8494-bf2855b4f6fa
[267月2024 17:17:28.569] [nioEventLoopGroup-3-18/WARN] [com.r3944realms.whimsy.api.websocket.protocol.ServerMessageDataTextWebsocketHandler/]: Channel is not active, skipping bindMsg for clientId=a71e3804-150f-4795-b086-13fda44e1910
[267月2024 17:17:28.569] [nioEventLoopGroup-3-19/WARN] [com.r3944realms.whimsy.api.websocket.protocol.ServerMessageDataTextWebsocketHandler/]: Channel is not active, skipping bindMsg for clientId=ea35f34e-fa1e-4dd0-8494-bf2855b4f6fa
[267月2024 17:17:28.572] [nioEventLoopGroup-3-21/INFO] [com.r3944realms.whimsy.api.websocket.protocol.ServerMessageDataTextWebsocketHandler/]: 新的 webSocket 连接已建立, 标识符为0ba597e1-0e78-45d3-8e03-3a364d06a927
[267月2024 17:17:28.574] [nioEventLoopGroup-3-20/INFO] [com.r3944realms.whimsy.api.websocket.protocol.ServerMessageDataTextWebsocketHandler/]: 新的 webSocket 连接已建立, 标识符为8025bb13-fb5b-49ed-9545-f8d9d02ecf5c
[267月2024 17:17:28.577] [nioEventLoopGroup-3-20/INFO] [com.r3944realms.whimsy.api.websocket.protocol.ServerMessageDataTextWebsocketHandler/]: 断开的client Id:8025bb13-fb5b-49ed-9545-f8d9d02ecf5c
[267月2024 17:17:28.646] [nioEventLoopGroup-3-21/INFO] [com.r3944realms.whimsy.api.websocket.protocol.ServerMessageDataTextWebsocketHandler/]: 断开的client Id:0ba597e1-0e78-45d3-8e03-3a364d06a927
[267月2024 17:17:28.767] [nioEventLoopGroup-3-23/INFO] [com.r3944realms.whimsy.api.websocket.protocol.ServerMessageDataTextWebsocketHandler/]: 新的 webSocket 连接已建立, 标识符为8577ccaa-e46f-48fd-ae71-b4c004680158
[267月2024 17:17:28.767] [nioEventLoopGroup-3-22/INFO] [com.r3944realms.whimsy.api.websocket.protocol.ServerMessageDataTextWebsocketHandler/]: 新的 webSocket 连接已建立, 标识符为c21df59d-fa82-49cd-a8ea-e86b5eedc316
[267月2024 17:17:28.772] [nioEventLoopGroup-3-22/INFO] [com.r3944realms.whimsy.api.websocket.protocol.ServerMessageDataTextWebsocketHandler/]: 断开的client Id:c21df59d-fa82-49cd-a8ea-e86b5eedc316
[267月2024 17:17:28.774] [nioEventLoopGroup-3-20/WARN] [com.r3944realms.whimsy.api.websocket.protocol.ServerMessageDataTextWebsocketHandler/]: Channel is not active, skipping bindMsg for clientId=8025bb13-fb5b-49ed-9545-f8d9d02ecf5c
[267月2024 17:17:28.775] [nioEventLoopGroup-3-21/WARN] [com.r3944realms.whimsy.api.websocket.protocol.ServerMessageDataTextWebsocketHandler/]: Channel is not active, skipping bindMsg for clientId=0ba597e1-0e78-45d3-8e03-3a364d06a927
[267月2024 17:17:28.842] [nioEventLoopGroup-3-23/INFO] [com.r3944realms.whimsy.api.websocket.protocol.ServerMessageDataTextWebsocketHandler/]: 断开的client Id:8577ccaa-e46f-48fd-ae71-b4c004680158
[267月2024 17:17:28.969] [nioEventLoopGroup-3-22/WARN] [com.r3944realms.whimsy.api.websocket.protocol.ServerMessageDataTextWebsocketHandler/]: Channel is not active, skipping bindMsg for clientId=c21df59d-fa82-49cd-a8ea-e86b5eedc316
[267月2024 17:17:28.969] [nioEventLoopGroup-3-23/WARN] [com.r3944realms.whimsy.api.websocket.protocol.ServerMessageDataTextWebsocketHandler/]: Channel is not active, skipping bindMsg for clientId=8577ccaa-e46f-48fd-ae71-b4c004680158
[267月2024 17:17:28.969] [nioEventLoopGroup-3-25/INFO] [com.r3944realms.whimsy.api.websocket.protocol.ServerMessageDataTextWebsocketHandler/]: 新的 webSocket 连接已建立, 标识符为359a9fa8-02e9-44fe-9f9b-068048f2fed5
[267月2024 17:17:28.969] [nioEventLoopGroup-3-24/INFO] [com.r3944realms.whimsy.api.websocket.protocol.ServerMessageDataTextWebsocketHandler/]: 新的 webSocket 连接已建立, 标识符为65efdf7f-dda1-41ee-bc1e-3f30bc30c23f
[267月2024 17:17:28.975] [nioEventLoopGroup-3-24/INFO] [com.r3944realms.whimsy.api.websocket.protocol.ServerMessageDataTextWebsocketHandler/]: 断开的client Id:65efdf7f-dda1-41ee-bc1e-3f30bc30c23f
[267月2024 17:17:29.034] [nioEventLoopGroup-3-25/INFO] [com.r3944realms.whimsy.api.websocket.protocol.ServerMessageDataTextWebsocketHandler/]: 断开的client Id:359a9fa8-02e9-44fe-9f9b-068048f2fed5
[267月2024 17:17:29.160] [nioEventLoopGroup-3-26/INFO] [com.r3944realms.whimsy.api.websocket.protocol.ServerMessageDataTextWebsocketHandler/]: 新的 webSocket 连接已建立, 标识符为4271ae2f-48e5-4a20-a37b-7de957d9e80f
[267月2024 17:17:29.161] [nioEventLoopGroup-3-27/INFO] [com.r3944realms.whimsy.api.websocket.protocol.ServerMessageDataTextWebsocketHandler/]: 新的 webSocket 连接已建立, 标识符为79e36112-d02e-4d39-a062-d1ddf6d13602
[267月2024 17:17:29.165] [nioEventLoopGroup-3-26/INFO] [com.r3944realms.whimsy.api.websocket.protocol.ServerMessageDataTextWebsocketHandler/]: 断开的client Id:4271ae2f-48e5-4a20-a37b-7de957d9e80f
[267月2024 17:17:29.172] [nioEventLoopGroup-3-25/WARN] [com.r3944realms.whimsy.api.websocket.protocol.ServerMessageDataTextWebsocketHandler/]: Channel is not active, skipping bindMsg for clientId=359a9fa8-02e9-44fe-9f9b-068048f2fed5
[267月2024 17:17:29.172] [nioEventLoopGroup-3-24/WARN] [com.r3944realms.whimsy.api.websocket.protocol.ServerMessageDataTextWebsocketHandler/]: Channel is not active, skipping bindMsg for clientId=65efdf7f-dda1-41ee-bc1e-3f30bc30c23f
[267月2024 17:17:29.231] [nioEventLoopGroup-3-27/INFO] [com.r3944realms.whimsy.api.websocket.protocol.ServerMessageDataTextWebsocketHandler/]: 断开的client Id:79e36112-d02e-4d39-a062-d1ddf6d13602
[267月2024 17:17:29.354] [nioEventLoopGroup-3-28/INFO] [com.r3944realms.whimsy.api.websocket.protocol.ServerMessageDataTextWebsocketHandler/]: 新的 webSocket 连接已建立, 标识符为21dc9780-bce6-446f-b23d-bc15b0d86cf8
[267月2024 17:17:29.354] [nioEventLoopGroup-3-29/INFO] [com.r3944realms.whimsy.api.websocket.protocol.ServerMessageDataTextWebsocketHandler/]: 新的 webSocket 连接已建立, 标识符为07d0d946-f53d-48ea-8662-c59e4544fe1e
[267月2024 17:17:29.361] [nioEventLoopGroup-3-26/WARN] [com.r3944realms.whimsy.api.websocket.protocol.ServerMessageDataTextWebsocketHandler/]: Channel is not active, skipping bindMsg for clientId=4271ae2f-48e5-4a20-a37b-7de957d9e80f
[267月2024 17:17:29.362] [nioEventLoopGroup-3-27/WARN] [com.r3944realms.whimsy.api.websocket.protocol.ServerMessageDataTextWebsocketHandler/]: Channel is not active, skipping bindMsg for clientId=79e36112-d02e-4d39-a062-d1ddf6d13602
[267月2024 17:17:29.362] [nioEventLoopGroup-3-28/INFO] [com.r3944realms.whimsy.api.websocket.protocol.ServerMessageDataTextWebsocketHandler/]: 断开的client Id:21dc9780-bce6-446f-b23d-bc15b0d86cf8
[267月2024 17:17:29.459] [nioEventLoopGroup-3-29/INFO] [com.r3944realms.whimsy.api.websocket.protocol.ServerMessageDataTextWebsocketHandler/]: 断开的client Id:07d0d946-f53d-48ea-8662-c59e4544fe1e
[267月2024 17:17:29.543] [nioEventLoopGroup-3-31/INFO] [com.r3944realms.whimsy.api.websocket.protocol.ServerMessageDataTextWebsocketHandler/]: 新的 webSocket 连接已建立, 标识符为f4772c36-323e-4386-9016-bbfa343b8563
[267月2024 17:17:29.543] [nioEventLoopGroup-3-30/INFO] [com.r3944realms.whimsy.api.websocket.protocol.ServerMessageDataTextWebsocketHandler/]: 新的 webSocket 连接已建立, 标识符为a1ccdf74-3179-480d-aa97-6f87beda425b
[267月2024 17:17:29.551] [nioEventLoopGroup-3-30/INFO] [com.r3944realms.whimsy.api.websocket.protocol.ServerMessageDataTextWebsocketHandler/]: 断开的client Id:a1ccdf74-3179-480d-aa97-6f87beda425b
[267月2024 17:17:29.555] [nioEventLoopGroup-3-28/WARN] [com.r3944realms.whimsy.api.websocket.protocol.ServerMessageDataTextWebsocketHandler/]: Channel is not active, skipping bindMsg for clientId=21dc9780-bce6-446f-b23d-bc15b0d86cf8
[267月2024 17:17:29.556] [nioEventLoopGroup-3-29/WARN] [com.r3944realms.whimsy.api.websocket.protocol.ServerMessageDataTextWebsocketHandler/]: Channel is not active, skipping bindMsg for clientId=07d0d946-f53d-48ea-8662-c59e4544fe1e
[267月2024 17:17:29.601] [nioEventLoopGroup-3-31/INFO] [com.r3944realms.whimsy.api.websocket.protocol.ServerMessageDataTextWebsocketHandler/]: 断开的client Id:f4772c36-323e-4386-9016-bbfa343b8563
[267月2024 17:17:29.744] [nioEventLoopGroup-3-31/WARN] [com.r3944realms.whimsy.api.websocket.protocol.ServerMessageDataTextWebsocketHandler/]: Channel is not active, skipping bindMsg for clientId=f4772c36-323e-4386-9016-bbfa343b8563
[267月2024 17:17:29.744] [nioEventLoopGroup-3-30/WARN] [com.r3944realms.whimsy.api.websocket.protocol.ServerMessageDataTextWebsocketHandler/]: Channel is not active, skipping bindMsg for clientId=a1ccdf74-3179-480d-aa97-6f87beda425b
[267月2024 17:17:29.754] [nioEventLoopGroup-3-1/INFO] [com.r3944realms.whimsy.api.websocket.protocol.ServerMessageDataTextWebsocketHandler/]: 新的 webSocket 连接已建立, 标识符为51b8a96b-f2f0-4844-b18b-4f7e3977b1ef
[267月2024 17:17:29.754] [nioEventLoopGroup-3-32/INFO] [com.r3944realms.whimsy.api.websocket.protocol.ServerMessageDataTextWebsocketHandler/]: 新的 webSocket 连接已建立, 标识符为e0403505-4727-4df5-8d09-5a0a8f142720
[267月2024 17:17:29.760] [nioEventLoopGroup-3-32/INFO] [com.r3944realms.whimsy.api.websocket.protocol.ServerMessageDataTextWebsocketHandler/]: 断开的client Id:e0403505-4727-4df5-8d09-5a0a8f142720
[267月2024 17:17:29.844] [nioEventLoopGroup-3-1/INFO] [com.r3944realms.whimsy.api.websocket.protocol.ServerMessageDataTextWebsocketHandler/]: 断开的client Id:51b8a96b-f2f0-4844-b18b-4f7e3977b1ef
[267月2024 17:17:29.956] [nioEventLoopGroup-3-1/WARN] [com.r3944realms.whimsy.api.websocket.protocol.ServerMessageDataTextWebsocketHandler/]: Channel is not active, skipping bindMsg for clientId=51b8a96b-f2f0-4844-b18b-4f7e3977b1ef
[267月2024 17:17:29.956] [nioEventLoopGroup-3-32/WARN] [com.r3944realms.whimsy.api.websocket.protocol.ServerMessageDataTextWebsocketHandler/]: Channel is not active, skipping bindMsg for clientId=e0403505-4727-4df5-8d09-5a0a8f142720
[267月2024 17:17:29.959] [nioEventLoopGroup-3-2/INFO] [com.r3944realms.whimsy.api.websocket.protocol.ServerMessageDataTextWebsocketHandler/]: 新的 webSocket 连接已建立, 标识符为772ac692-38a2-4693-850a-964ca1e88e38
[267月2024 17:17:29.959] [nioEventLoopGroup-3-3/INFO] [com.r3944realms.whimsy.api.websocket.protocol.ServerMessageDataTextWebsocketHandler/]: 新的 webSocket 连接已建立, 标识符为ec3bc2a9-ecea-4059-9e7d-10ab34d68fd4
[267月2024 17:17:29.962] [nioEventLoopGroup-3-2/INFO] [com.r3944realms.whimsy.api.websocket.protocol.ServerMessageDataTextWebsocketHandler/]: 断开的client Id:772ac692-38a2-4693-850a-964ca1e88e38
[267月2024 17:17:30.060] [nioEventLoopGroup-3-3/INFO] [com.r3944realms.whimsy.api.websocket.protocol.ServerMessageDataTextWebsocketHandler/]: 断开的client Id:ec3bc2a9-ecea-4059-9e7d-10ab34d68fd4
[267月2024 17:17:30.158] [nioEventLoopGroup-3-5/INFO] [com.r3944realms.whimsy.api.websocket.protocol.ServerMessageDataTextWebsocketHandler/]: 新的 webSocket 连接已建立, 标识符为6cba53de-7f1a-436e-bf2f-042dd34ddfb3
[267月2024 17:17:30.158] [nioEventLoopGroup-3-4/INFO] [com.r3944realms.whimsy.api.websocket.protocol.ServerMessageDataTextWebsocketHandler/]: 新的 webSocket 连接已建立, 标识符为d2008f25-fae1-4d53-bc2d-d08fdcdc188e
[267月2024 17:17:30.160] [nioEventLoopGroup-3-3/WARN] [com.r3944realms.whimsy.api.websocket.protocol.ServerMessageDataTextWebsocketHandler/]: Channel is not active, skipping bindMsg for clientId=ec3bc2a9-ecea-4059-9e7d-10ab34d68fd4
[267月2024 17:17:30.160] [nioEventLoopGroup-3-2/WARN] [com.r3944realms.whimsy.api.websocket.protocol.ServerMessageDataTextWebsocketHandler/]: Channel is not active, skipping bindMsg for clientId=772ac692-38a2-4693-850a-964ca1e88e38
[267月2024 17:17:30.162] [nioEventLoopGroup-3-4/INFO] [com.r3944realms.whimsy.api.websocket.protocol.ServerMessageDataTextWebsocketHandler/]: 断开的client Id:d2008f25-fae1-4d53-bc2d-d08fdcdc188e
[267月2024 17:17:30.213] [nioEventLoopGroup-3-5/INFO] [com.r3944realms.whimsy.api.websocket.protocol.ServerMessageDataTextWebsocketHandler/]: 断开的client Id:6cba53de-7f1a-436e-bf2f-042dd34ddfb3
[267月2024 17:17:30.345] [nioEventLoopGroup-3-7/INFO] [com.r3944realms.whimsy.api.websocket.protocol.ServerMessageDataTextWebsocketHandler/]: 新的 webSocket 连接已建立, 标识符为cef9d91c-f23e-499a-a187-f94d1a1a507e
[267月2024 17:17:30.345] [nioEventLoopGroup-3-6/INFO] [com.r3944realms.whimsy.api.websocket.protocol.ServerMessageDataTextWebsocketHandler/]: 新的 webSocket 连接已建立, 标识符为cdc39097-b36c-4ff4-bedc-3fa8fa9da1ef
[267月2024 17:17:30.349] [nioEventLoopGroup-3-6/INFO] [com.r3944realms.whimsy.api.websocket.protocol.ServerMessageDataTextWebsocketHandler/]: 断开的client Id:cdc39097-b36c-4ff4-bedc-3fa8fa9da1ef
[267月2024 17:17:30.360] [nioEventLoopGroup-3-4/WARN] [com.r3944realms.whimsy.api.websocket.protocol.ServerMessageDataTextWebsocketHandler/]: Channel is not active, skipping bindMsg for clientId=d2008f25-fae1-4d53-bc2d-d08fdcdc188e
[267月2024 17:17:30.361] [nioEventLoopGroup-3-5/WARN] [com.r3944realms.whimsy.api.websocket.protocol.ServerMessageDataTextWebsocketHandler/]: Channel is not active, skipping bindMsg for clientId=6cba53de-7f1a-436e-bf2f-042dd34ddfb3
[267月2024 17:17:30.426] [nioEventLoopGroup-3-7/INFO] [com.r3944realms.whimsy.api.websocket.protocol.ServerMessageDataTextWebsocketHandler/]: 断开的client Id:cef9d91c-f23e-499a-a187-f94d1a1a507e
[267月2024 17:17:30.533] [nioEventLoopGroup-3-8/INFO] [com.r3944realms.whimsy.api.websocket.protocol.ServerMessageDataTextWebsocketHandler/]: 新的 webSocket 连接已建立, 标识符为cda128d4-731e-477f-a2e2-1cf3f8fd563c
[267月2024 17:17:30.533] [nioEventLoopGroup-3-9/INFO] [com.r3944realms.whimsy.api.websocket.protocol.ServerMessageDataTextWebsocketHandler/]: 新的 webSocket 连接已建立, 标识符为97797c36-102e-49fd-a056-94313c764ea2
[267月2024 17:17:30.536] [nioEventLoopGroup-3-8/INFO] [com.r3944realms.whimsy.api.websocket.protocol.ServerMessageDataTextWebsocketHandler/]: 断开的client Id:cda128d4-731e-477f-a2e2-1cf3f8fd563c
[267月2024 17:17:30.545] [nioEventLoopGroup-3-6/WARN] [com.r3944realms.whimsy.api.websocket.protocol.ServerMessageDataTextWebsocketHandler/]: Channel is not active, skipping bindMsg for clientId=cdc39097-b36c-4ff4-bedc-3fa8fa9da1ef
[267月2024 17:17:30.546] [nioEventLoopGroup-3-7/WARN] [com.r3944realms.whimsy.api.websocket.protocol.ServerMessageDataTextWebsocketHandler/]: Channel is not active, skipping bindMsg for clientId=cef9d91c-f23e-499a-a187-f94d1a1a507e
[267月2024 17:17:30.609] [nioEventLoopGroup-3-9/INFO] [com.r3944realms.whimsy.api.websocket.protocol.ServerMessageDataTextWebsocketHandler/]: 断开的client Id:97797c36-102e-49fd-a056-94313c764ea2
[267月2024 17:17:30.726] [nioEventLoopGroup-3-11/INFO] [com.r3944realms.whimsy.api.websocket.protocol.ServerMessageDataTextWebsocketHandler/]: 新的 webSocket 连接已建立, 标识符为d8cd0ed0-44ca-49b1-85a6-a69c79d0514d
[267月2024 17:17:30.726] [nioEventLoopGroup-3-10/INFO] [com.r3944realms.whimsy.api.websocket.protocol.ServerMessageDataTextWebsocketHandler/]: 新的 webSocket 连接已建立, 标识符为5b280c85-8bff-49d5-91a3-ee0277b4b48b
[267月2024 17:17:30.730] [nioEventLoopGroup-3-10/INFO] [com.r3944realms.whimsy.api.websocket.protocol.ServerMessageDataTextWebsocketHandler/]: 断开的client Id:5b280c85-8bff-49d5-91a3-ee0277b4b48b
[267月2024 17:17:30.734] [nioEventLoopGroup-3-9/WARN] [com.r3944realms.whimsy.api.websocket.protocol.ServerMessageDataTextWebsocketHandler/]: Channel is not active, skipping bindMsg for clientId=97797c36-102e-49fd-a056-94313c764ea2
[267月2024 17:17:30.735] [nioEventLoopGroup-3-8/WARN] [com.r3944realms.whimsy.api.websocket.protocol.ServerMessageDataTextWebsocketHandler/]: Channel is not active, skipping bindMsg for clientId=cda128d4-731e-477f-a2e2-1cf3f8fd563c
[267月2024 17:17:30.788] [nioEventLoopGroup-3-11/INFO] [com.r3944realms.whimsy.api.websocket.protocol.ServerMessageDataTextWebsocketHandler/]: 断开的client Id:d8cd0ed0-44ca-49b1-85a6-a69c79d0514d
[267月2024 17:17:30.927] [nioEventLoopGroup-3-10/WARN] [com.r3944realms.whimsy.api.websocket.protocol.ServerMessageDataTextWebsocketHandler/]: Channel is not active, skipping bindMsg for clientId=5b280c85-8bff-49d5-91a3-ee0277b4b48b
[267月2024 17:17:30.927] [nioEventLoopGroup-3-11/WARN] [com.r3944realms.whimsy.api.websocket.protocol.ServerMessageDataTextWebsocketHandler/]: Channel is not active, skipping bindMsg for clientId=d8cd0ed0-44ca-49b1-85a6-a69c79d0514d
[267月2024 17:17:30.929] [nioEventLoopGroup-3-12/INFO] [com.r3944realms.whimsy.api.websocket.protocol.ServerMessageDataTextWebsocketHandler/]: 新的 webSocket 连接已建立, 标识符为6d947c2d-bbb4-451f-b08c-ffb52efa0775
[267月2024 17:17:30.929] [nioEventLoopGroup-3-13/INFO] [com.r3944realms.whimsy.api.websocket.protocol.ServerMessageDataTextWebsocketHandler/]: 新的 webSocket 连接已建立, 标识符为535422de-6bde-4d09-9200-59bca5055cb8
[267月2024 17:17:30.931] [nioEventLoopGroup-3-12/INFO] [com.r3944realms.whimsy.api.websocket.protocol.ServerMessageDataTextWebsocketHandler/]: 断开的client Id:6d947c2d-bbb4-451f-b08c-ffb52efa0775
[267月2024 17:17:30.997] [nioEventLoopGroup-3-13/INFO] [com.r3944realms.whimsy.api.websocket.protocol.ServerMessageDataTextWebsocketHandler/]: 断开的client Id:535422de-6bde-4d09-9200-59bca5055cb8
[267月2024 17:17:31.130] [nioEventLoopGroup-3-13/WARN] [com.r3944realms.whimsy.api.websocket.protocol.ServerMessageDataTextWebsocketHandler/]: Channel is not active, skipping bindMsg for clientId=535422de-6bde-4d09-9200-59bca5055cb8
[267月2024 17:17:31.131] [nioEventLoopGroup-3-12/WARN] [com.r3944realms.whimsy.api.websocket.protocol.ServerMessageDataTextWebsocketHandler/]: Channel is not active, skipping bindMsg for clientId=6d947c2d-bbb4-451f-b08c-ffb52efa0775
